<?xml version="1.0" encoding="UTF-8"?>
<!-- Generated by org.testng.reporters.JUnitReportReporter -->
<testsuite hostname="LTIN188255" failures="0" tests="4" name="testCases.TC01_Doctors" time="27.847" errors="0" timestamp="2024-03-05T14:39:48 IST" skipped="0">
  <testcase classname="testCases.TC01_Doctors" name="T001_homepage" time="0.145"/>
  <system-out/>
  <testcase classname="testCases.TC01_Doctors" name="T002_DoctorPage" time="9.838"/>
  <system-out/>
  <testcase classname="testCases.TC01_Doctors" name="T003_Filters" time="16.921"/>
  <system-out/>
  <testcase classname="testCases.TC01_Doctors" name="T004_DoctorInfo" time="0.943"/>
  <system-out/>
</testsuite> <!-- testCases.TC01_Doctors -->
