<?xml version="1.0" encoding="UTF-8"?>
<!-- Generated by org.testng.reporters.JUnitReportReporter -->
<testsuite hostname="LTIN188255" failures="0" tests="5" name="testCases.TC03_WellNess" time="30.195" errors="0" timestamp="2024-03-05T14:39:48 IST" skipped="0">
  <testcase classname="testCases.TC03_WellNess" name="T001_goToCorporates" time="5.571"/>
  <system-out/>
  <testcase classname="testCases.TC03_WellNess" name="T002_validateCorporate" time="0.014"/>
  <system-out/>
  <testcase classname="testCases.TC03_WellNess" name="T003_sendDetails" time="10.995"/>
  <system-out/>
  <testcase classname="testCases.TC03_WellNess" name="T004_VerifyMsg" time="12.912"/>
  <system-out/>
  <testcase classname="testCases.TC03_WellNess" name="T005_MsgScreenshot" time="0.703"/>
  <system-out/>
</testsuite> <!-- testCases.TC03_WellNess -->
