<?xml version="1.0" encoding="UTF-8"?>
<!-- Generated by org.testng.reporters.JUnitReportReporter -->
<testsuite hostname="LTIN188255" failures="0" tests="5" name="testCases.TC02_Surgeries" time="2.760" errors="0" timestamp="2024-03-05T14:39:48 IST" skipped="0">
  <testcase classname="testCases.TC02_Surgeries" name="T001_goToSurgery" time="1.757"/>
  <system-out/>
  <testcase classname="testCases.TC02_Surgeries" name="T002_validate" time="0.142"/>
  <system-out/>
  <testcase classname="testCases.TC02_Surgeries" name="T003_ScrollDown" time="0.054"/>
  <system-out/>
  <testcase classname="testCases.TC02_Surgeries" name="T004_SurgeryList" time="0.786"/>
  <system-out/>
  <testcase classname="testCases.TC02_Surgeries" name="T005_ScrollUp" time="0.021"/>
  <system-out/>
</testsuite> <!-- testCases.TC02_Surgeries -->
