<?xml version="1.0" encoding="UTF-8"?>
<!-- Generated by org.testng.reporters.JUnitReportReporter -->
<testsuite hostname="LTIN188255" failures="0" tests="3" name="testCases.TC_FindingHospital" time="43.903" errors="0" timestamp="2024-03-07T11:21:03 IST" skipped="0">
  <testcase classname="testCases.TC_FindingHospital" name="T001_homepage" time="19.900"/>
  <system-out/>
  <testcase classname="testCases.TC_FindingHospital" name="TC002_SurgeryList" time="5.439"/>
  <system-out/>
  <testcase classname="testCases.TC_FindingHospital" name="TC003_Corporates" time="18.564"/>
  <system-out/>
</testsuite> <!-- testCases.TC_FindingHospital -->
